2024-12-11 14:08:19,225 - INFO - Use pytorch device_name: cpu
2024-12-11 14:08:19,226 - INFO - Load pretrained SentenceTransformer: sentence-transformers/paraphrase-multilingual-mpnet-base-v2
2024-12-11 14:08:25,909 - INFO - Для обработки получено вопросов 1
2024-12-11 14:08:26,056 - INFO - Готов поиск в векторной БД  0.15 секунд.
2024-12-11 14:08:26,058 - INFO - Готов поиск в текстовой БД  0.15 секунд.
2024-12-11 14:08:28,031 - INFO - Ранжирование готово  2.12 секунд.
2024-12-11 14:08:29,032 - INFO - Суммаризация готова  3.12 секунд.
2024-12-11 14:08:29,032 - INFO - Вопросов 1 обработано за  3.12 секунд.
2024-12-11 14:08:43,831 - INFO - Для обработки получено вопросов 2
2024-12-11 14:08:43,982 - INFO - Готов поиск в векторной БД  0.15 секунд.
2024-12-11 14:08:43,984 - INFO - Готов поиск в текстовой БД  0.15 секунд.
2024-12-11 14:08:47,730 - INFO - Ранжирование готово  3.90 секунд.
2024-12-11 14:08:47,734 - INFO - Ранжирование готово  3.90 секунд.
2024-12-11 14:08:48,480 - INFO - Суммаризация готова  4.65 секунд.
2024-12-11 14:08:48,483 - INFO - Суммаризация готова  4.65 секунд.
2024-12-11 14:08:48,483 - INFO - Вопросов 2 обработано за  4.65 секунд.
2024-12-11 14:09:06,723 - INFO - Для обработки получено вопросов 3
2024-12-11 14:09:06,882 - INFO - Готов поиск в векторной БД  0.16 секунд.
2024-12-11 14:09:06,885 - INFO - Готов поиск в текстовой БД  0.16 секунд.
2024-12-11 14:09:12,609 - INFO - Ранжирование готово  5.89 секунд.
2024-12-11 14:09:12,612 - INFO - Ранжирование готово  5.89 секунд.
2024-12-11 14:09:12,644 - INFO - Ранжирование готово  5.92 секунд.
2024-12-11 14:09:13,674 - INFO - Суммаризация готова  6.95 секунд.
2024-12-11 14:09:13,685 - INFO - Суммаризация готова  6.96 секунд.
2024-12-11 14:09:13,701 - INFO - Суммаризация готова  6.98 секунд.
2024-12-11 14:09:13,701 - INFO - Вопросов 3 обработано за  6.98 секунд.
2024-12-11 14:09:23,120 - INFO - Для обработки получено вопросов 4
2024-12-11 14:09:23,284 - INFO - Готов поиск в векторной БД  0.16 секунд.
2024-12-11 14:09:23,287 - INFO - Готов поиск в текстовой БД  0.17 секунд.
2024-12-11 14:09:30,634 - INFO - Ранжирование готово  7.51 секунд.
2024-12-11 14:09:30,674 - INFO - Ранжирование готово  7.55 секунд.
2024-12-11 14:09:30,784 - INFO - Ранжирование готово  7.66 секунд.
2024-12-11 14:09:30,804 - INFO - Ранжирование готово  7.68 секунд.
2024-12-11 14:09:32,060 - INFO - Суммаризация готова  8.94 секунд.
2024-12-11 14:09:32,089 - INFO - Суммаризация готова  8.97 секунд.
2024-12-11 14:09:32,132 - INFO - Суммаризация готова  9.01 секунд.
2024-12-11 14:09:32,140 - INFO - Суммаризация готова  9.02 секунд.
2024-12-11 14:09:32,141 - INFO - Вопросов 4 обработано за  9.02 секунд.
2024-12-11 14:09:40,618 - INFO - Для обработки получено вопросов 5
2024-12-11 14:09:40,790 - INFO - Готов поиск в векторной БД  0.17 секунд.
2024-12-11 14:09:40,793 - INFO - Готов поиск в текстовой БД  0.18 секунд.
2024-12-11 14:09:50,541 - INFO - Ранжирование готово  9.92 секунд.
2024-12-11 14:09:50,695 - INFO - Ранжирование готово  10.08 секунд.
2024-12-11 14:09:50,706 - INFO - Ранжирование готово  10.09 секунд.
2024-12-11 14:09:50,719 - INFO - Ранжирование готово  10.10 секунд.
2024-12-11 14:09:50,770 - INFO - Ранжирование готово  10.15 секунд.
2024-12-11 14:09:52,434 - INFO - Суммаризация готова  11.82 секунд.
2024-12-11 14:09:52,515 - INFO - Суммаризация готова  11.90 секунд.
2024-12-11 14:09:52,515 - INFO - Суммаризация готова  11.90 секунд.
2024-12-11 14:09:52,527 - INFO - Суммаризация готова  11.91 секунд.
2024-12-11 14:09:52,533 - INFO - Суммаризация готова  11.92 секунд.
2024-12-11 14:09:52,534 - INFO - Вопросов 5 обработано за  11.92 секунд.
2024-12-11 14:10:05,359 - INFO - Для обработки получено вопросов 6
2024-12-11 14:10:05,527 - INFO - Готов поиск в векторной БД  0.17 секунд.
2024-12-11 14:10:05,532 - INFO - Готов поиск в текстовой БД  0.17 секунд.
2024-12-11 14:10:17,266 - INFO - Ранжирование готово  11.91 секунд.
2024-12-11 14:10:17,267 - INFO - Ранжирование готово  11.91 секунд.
2024-12-11 14:10:17,311 - INFO - Ранжирование готово  11.95 секунд.
2024-12-11 14:10:17,326 - INFO - Ранжирование готово  11.97 секунд.
2024-12-11 14:10:17,382 - INFO - Ранжирование готово  12.02 секунд.
2024-12-11 14:10:17,455 - INFO - Ранжирование готово  12.10 секунд.
2024-12-11 14:10:19,531 - INFO - Суммаризация готова  14.17 секунд.
2024-12-11 14:10:19,543 - INFO - Суммаризация готова  14.18 секунд.
2024-12-11 14:10:19,566 - INFO - Суммаризация готова  14.21 секунд.
2024-12-11 14:10:19,583 - INFO - Суммаризация готова  14.22 секунд.
2024-12-11 14:10:19,593 - INFO - Суммаризация готова  14.23 секунд.
2024-12-11 14:10:19,595 - INFO - Суммаризация готова  14.24 секунд.
2024-12-11 14:10:19,595 - INFO - Вопросов 6 обработано за  14.24 секунд.
2024-12-11 14:10:26,819 - INFO - Для обработки получено вопросов 7
2024-12-11 14:10:27,023 - INFO - Готов поиск в векторной БД  0.20 секунд.
2024-12-11 14:10:27,028 - INFO - Готов поиск в текстовой БД  0.21 секунд.
2024-12-11 14:10:40,534 - INFO - Ранжирование готово  13.72 секунд.
2024-12-11 14:10:40,635 - INFO - Ранжирование готово  13.82 секунд.
2024-12-11 14:10:40,687 - INFO - Ранжирование готово  13.87 секунд.
2024-12-11 14:10:40,696 - INFO - Ранжирование готово  13.88 секунд.
2024-12-11 14:10:40,713 - INFO - Ранжирование готово  13.89 секунд.
2024-12-11 14:10:40,924 - INFO - Ранжирование готово  14.10 секунд.
2024-12-11 14:10:40,980 - INFO - Ранжирование готово  14.16 секунд.
2024-12-11 14:10:43,225 - INFO - Суммаризация готова  16.41 секунд.
2024-12-11 14:10:43,236 - INFO - Суммаризация готова  16.42 секунд.
2024-12-11 14:10:43,316 - INFO - Суммаризация готова  16.50 секунд.
2024-12-11 14:10:43,320 - INFO - Суммаризация готова  16.50 секунд.
2024-12-11 14:10:43,325 - INFO - Суммаризация готова  16.51 секунд.
2024-12-11 14:10:43,354 - INFO - Суммаризация готова  16.54 секунд.
2024-12-11 14:10:43,359 - INFO - Суммаризация готова  16.54 секунд.
2024-12-11 14:10:43,360 - INFO - Вопросов 7 обработано за  16.54 секунд.
2024-12-11 14:10:50,506 - INFO - Для обработки получено вопросов 8
2024-12-11 14:10:50,710 - INFO - Готов поиск в векторной БД  0.20 секунд.
2024-12-11 14:10:50,716 - INFO - Готов поиск в текстовой БД  0.21 секунд.
2024-12-11 14:11:07,383 - INFO - Ранжирование готово  16.88 секунд.
2024-12-11 14:11:07,454 - INFO - Ранжирование готово  16.95 секунд.
2024-12-11 14:11:07,534 - INFO - Ранжирование готово  17.03 секунд.
2024-12-11 14:11:07,556 - INFO - Ранжирование готово  17.05 секунд.
2024-12-11 14:11:07,576 - INFO - Ранжирование готово  17.07 секунд.
2024-12-11 14:11:07,604 - INFO - Ранжирование готово  17.10 секунд.
2024-12-11 14:11:07,660 - INFO - Ранжирование готово  17.15 секунд.
2024-12-11 14:11:07,812 - INFO - Ранжирование готово  17.31 секунд.
2024-12-11 14:11:11,238 - INFO - Суммаризация готова  20.73 секунд.
2024-12-11 14:11:11,266 - INFO - Суммаризация готова  20.76 секунд.
2024-12-11 14:11:11,340 - INFO - Суммаризация готова  20.83 секунд.
2024-12-11 14:11:11,354 - INFO - Суммаризация готова  20.85 секунд.
2024-12-11 14:11:11,367 - INFO - Суммаризация готова  20.86 секунд.
2024-12-11 14:11:11,368 - INFO - Суммаризация готова  20.86 секунд.
2024-12-11 14:11:11,380 - INFO - Суммаризация готова  20.87 секунд.
2024-12-11 14:11:11,384 - INFO - Суммаризация готова  20.88 секунд.
2024-12-11 14:11:11,385 - INFO - Вопросов 8 обработано за  20.88 секунд.
2024-12-11 14:11:23,010 - INFO - Для обработки получено вопросов 9
2024-12-11 14:11:23,216 - INFO - Готов поиск в векторной БД  0.21 секунд.
2024-12-11 14:11:23,223 - INFO - Готов поиск в текстовой БД  0.21 секунд.
2024-12-11 14:11:42,278 - INFO - Ранжирование готово  19.27 секунд.
2024-12-11 14:11:42,533 - INFO - Ранжирование готово  19.52 секунд.
2024-12-11 14:11:42,609 - INFO - Ранжирование готово  19.60 секунд.
2024-12-11 14:11:42,712 - INFO - Ранжирование готово  19.70 секунд.
2024-12-11 14:11:42,747 - INFO - Ранжирование готово  19.74 секунд.
2024-12-11 14:11:42,886 - INFO - Ранжирование готово  19.88 секунд.
2024-12-11 14:11:42,900 - INFO - Ранжирование готово  19.89 секунд.
2024-12-11 14:11:43,008 - INFO - Ранжирование готово  20.00 секунд.
2024-12-11 14:11:43,052 - INFO - Ранжирование готово  20.04 секунд.
2024-12-11 14:11:46,445 - INFO - Суммаризация готова  23.44 секунд.
2024-12-11 14:11:46,518 - INFO - Суммаризация готова  23.51 секунд.
2024-12-11 14:11:46,586 - INFO - Суммаризация готова  23.58 секунд.
2024-12-11 14:11:46,601 - INFO - Суммаризация готова  23.59 секунд.
2024-12-11 14:11:46,662 - INFO - Суммаризация готова  23.65 секунд.
2024-12-11 14:11:46,668 - INFO - Суммаризация готова  23.66 секунд.
2024-12-11 14:11:46,679 - INFO - Суммаризация готова  23.67 секунд.
2024-12-11 14:11:46,688 - INFO - Суммаризация готова  23.68 секунд.
2024-12-11 14:11:46,690 - INFO - Суммаризация готова  23.68 секунд.
2024-12-11 14:11:46,691 - INFO - Вопросов 9 обработано за  23.68 секунд.
2024-12-11 14:11:56,215 - INFO - Для обработки получено вопросов 10
2024-12-11 14:11:56,445 - INFO - Готов поиск в векторной БД  0.23 секунд.
2024-12-11 14:11:56,454 - INFO - Готов поиск в текстовой БД  0.24 секунд.
2024-12-11 14:12:16,297 - INFO - Ранжирование готово  20.08 секунд.
2024-12-11 14:12:16,500 - INFO - Ранжирование готово  20.29 секунд.
2024-12-11 14:12:16,505 - INFO - Ранжирование готово  20.29 секунд.
2024-12-11 14:12:16,514 - INFO - Ранжирование готово  20.30 секунд.
2024-12-11 14:12:16,573 - INFO - Ранжирование готово  20.36 секунд.
2024-12-11 14:12:16,621 - INFO - Ранжирование готово  20.41 секунд.
2024-12-11 14:12:16,628 - INFO - Ранжирование готово  20.41 секунд.
2024-12-11 14:12:16,633 - INFO - Ранжирование готово  20.42 секунд.
2024-12-11 14:12:16,793 - INFO - Ранжирование готово  20.58 секунд.
2024-12-11 14:12:16,933 - INFO - Ранжирование готово  20.72 секунд.
2024-12-11 14:12:20,487 - INFO - Суммаризация готова  24.27 секунд.
2024-12-11 14:12:20,562 - INFO - Суммаризация готова  24.35 секунд.
2024-12-11 14:12:20,582 - INFO - Суммаризация готова  24.37 секунд.
2024-12-11 14:12:20,601 - INFO - Суммаризация готова  24.39 секунд.
2024-12-11 14:12:20,610 - INFO - Суммаризация готова  24.40 секунд.
2024-12-11 14:12:20,617 - INFO - Суммаризация готова  24.40 секунд.
2024-12-11 14:12:20,628 - INFO - Суммаризация готова  24.41 секунд.
2024-12-11 14:12:20,635 - INFO - Суммаризация готова  24.42 секунд.
2024-12-11 14:12:20,636 - INFO - Суммаризация готова  24.42 секунд.
2024-12-11 14:12:20,651 - INFO - Суммаризация готова  24.44 секунд.
2024-12-11 14:12:20,652 - INFO - Вопросов 10 обработано за  24.44 секунд.
2024-12-11 14:12:31,082 - INFO - Сервер остановлен.
