ranker: BM25, kDocuments: 50
Strong condition metrics.  in_top_5: 0.16666666666666666 in_top_15: 0.3461538461538461 in_top_30: 0.4230769230769231 inv_5: 0.1969386308055653
Light condition metrics.  in_top_5: 0.16666666666666666 in_top_15: 0.3461538461538461 in_top_30: 0.4230769230769231 inv_5: 0.1969386308055653

векторная_бд  0.19.
текстовая_бд  0.00.
кворум 31 0.01.
ранжирование  0.00.
суммаризация  3.06.
векторная_бд  0.17.
текстовая_бд  0.00.
кворум 30 0.01.
ранжирование  0.00.
суммаризация  0.98.
векторная_бд  0.17.
текстовая_бд  0.00.
кворум 8 0.01.
ранжирование  0.00.
суммаризация  1.77.
векторная_бд  0.18.
текстовая_бд  0.01.
кворум 10 0.00.
ранжирование  0.00.
суммаризация  1.19.
векторная_бд  0.17.
текстовая_бд  0.00.
кворум 27 0.01.
ранжирование  0.00.
суммаризация  0.43.
векторная_бд  0.19.
текстовая_бд  0.00.
кворум 49 0.01.
ранжирование  0.00.
суммаризация  2.57.
векторная_бд  0.19.
текстовая_бд  0.00.
кворум 25 0.01.
ранжирование  0.00.
суммаризация  2.31.
векторная_бд  0.17.
текстовая_бд  0.00.
кворум 41 0.01.
ранжирование  0.01.
суммаризация  2.65.
векторная_бд  0.17.
текстовая_бд  0.00.
кворум 31 0.01.
ранжирование  0.00.
суммаризация  1.18.
векторная_бд  0.18.
текстовая_бд  0.00.
кворум 34 0.01.
ранжирование  0.00.
суммаризация  0.98.
векторная_бд  0.17.
текстовая_бд  0.00.
кворум 0 0.00.
векторная_бд  0.19.
текстовая_бд  0.01.
кворум 37 0.01.
ранжирование  0.00.
суммаризация  0.88.
векторная_бд  0.17.
текстовая_бд  0.02.
кворум 22 0.01.
ранжирование  0.00.
суммаризация  1.56.
векторная_бд  0.17.
текстовая_бд  0.01.
кворум 9 0.01.
ранжирование  0.00.
суммаризация  0.92.
векторная_бд  0.17.
текстовая_бд  0.01.
кворум 24 0.01.
ранжирование  0.00.
суммаризация  2.54.
векторная_бд  0.18.
текстовая_бд  0.01.
кворум 3 0.00.
ранжирование  0.00.
суммаризация  0.56.
векторная_бд  0.18.
текстовая_бд  0.02.
кворум 38 0.01.
ранжирование  0.00.
суммаризация  2.58.
векторная_бд  0.17.
текстовая_бд  0.01.
кворум 17 0.01.
ранжирование  0.00.
суммаризация  0.99.
векторная_бд  0.17.
текстовая_бд  0.01.
кворум 33 0.01.
ранжирование  0.00.
суммаризация  0.78.
векторная_бд  0.16.
текстовая_бд  0.01.
кворум 9 0.00.
ранжирование  0.00.
суммаризация  0.72.
векторная_бд  0.18.
текстовая_бд  0.01.
кворум 14 0.01.
ранжирование  0.00.
суммаризация  1.30.
векторная_бд  0.17.
текстовая_бд  0.01.
кворум 46 0.01.
ранжирование  0.00.
суммаризация  1.31.
векторная_бд  0.19.
текстовая_бд  0.01.
кворум 19 0.01.
ранжирование  0.00.
суммаризация  2.71.
векторная_бд  0.16.
текстовая_бд  0.02.
кворум 35 0.00.
ранжирование  0.00.
суммаризация  1.39.
векторная_бд  0.19.
текстовая_бд  0.02.
кворум 48 0.01.
ранжирование  0.00.
суммаризация  2.82.
векторная_бд  0.17.
текстовая_бд  0.01.
кворум 41 0.00.
ранжирование  0.00.
суммаризация  0.52.
векторная_бд  0.17.
текстовая_бд  0.02.
кворум 48 0.01.
ранжирование  0.00.
суммаризация  2.30.
векторная_бд  0.17.
текстовая_бд  0.01.
кворум 13 0.01.
ранжирование  0.00.
суммаризация  0.63.
векторная_бд  0.18.
текстовая_бд  0.01.
кворум 47 0.00.
ранжирование  0.00.
суммаризация  0.89.
векторная_бд  0.18.
текстовая_бд  0.02.
кворум 16 0.01.
ранжирование  0.00.
суммаризация  1.00.
векторная_бд  0.18.
текстовая_бд  0.01.
кворум 44 0.01.
ранжирование  0.00.
суммаризация  1.10.
векторная_бд  0.17.
текстовая_бд  0.01.
кворум 4 0.01.
ранжирование  0.00.
суммаризация  1.19.
векторная_бд  0.20.
текстовая_бд  0.02.
кворум 36 0.01.
ранжирование  0.00.
суммаризация  1.82.
векторная_бд  0.19.
текстовая_бд  0.02.
кворум 31 0.01.
ранжирование  0.00.
суммаризация  1.86.
векторная_бд  0.18.
текстовая_бд  0.01.
кворум 46 0.01.
ранжирование  0.00.
суммаризация  2.94.
векторная_бд  0.19.
текстовая_бд  0.01.
кворум 21 0.01.
ранжирование  0.00.
суммаризация  2.24.
векторная_бд  0.18.
текстовая_бд  0.00.
кворум 22 0.01.
ранжирование  0.00.
суммаризация  3.12.
векторная_бд  0.17.
текстовая_бд  0.02.
кворум 45 0.01.
ранжирование  0.00.
суммаризация  3.23.
векторная_бд  0.20.
текстовая_бд  0.00.
кворум 35 0.02.
ранжирование  0.01.
суммаризация  3.19.
векторная_бд  0.17.
текстовая_бд  0.01.
кворум 31 0.01.
ранжирование  0.00.
суммаризация  2.09.
векторная_бд  0.17.
текстовая_бд  0.02.
кворум 50 0.01.
ранжирование  0.01.
суммаризация  3.20.
векторная_бд  0.21.
текстовая_бд  0.02.
кворум 31 0.01.
ранжирование  0.00.
суммаризация  3.95.
векторная_бд  0.23.
текстовая_бд  0.01.
кворум 4 0.01.
ранжирование  0.00.
суммаризация  1.00.
векторная_бд  0.24.
текстовая_бд  0.02.
кворум 24 0.01.
ранжирование  0.00.
суммаризация  3.80.
векторная_бд  0.23.
текстовая_бд  0.02.
кворум 22 0.01.
ранжирование  0.00.
суммаризация  1.28.
векторная_бд  0.28.
текстовая_бд  0.02.
кворум 33 0.02.
ранжирование  0.01.
суммаризация  3.11.
векторная_бд  0.20.
текстовая_бд  0.01.
кворум 9 0.02.
ранжирование  0.00.
суммаризация  1.77.
векторная_бд  0.19.
текстовая_бд  0.02.
кворум 24 0.01.
ранжирование  0.00.
суммаризация  3.48.
векторная_бд  0.18.
текстовая_бд  0.01.
кворум 19 0.01.
ранжирование  0.00.
суммаризация  3.03.
векторная_бд  0.18.
текстовая_бд  0.02.
кворум 47 0.01.
ранжирование  0.01.
суммаризация  3.43.
векторная_бд  0.18.
текстовая_бд  0.02.
кворум 11 0.01.
ранжирование  0.00.
суммаризация  2.74.
векторная_бд  0.18.
текстовая_бд  0.02.
кворум 38 0.01.
ранжирование  0.00.
суммаризация  2.66.
векторная_бд  0.20.
текстовая_бд  0.01.
кворум 27 0.01.
ранжирование  0.00.
суммаризация  0.73.
векторная_бд  0.19.
текстовая_бд  0.01.
кворум 47 0.01.
ранжирование  0.00.
суммаризация  1.06.
векторная_бд  0.18.
текстовая_бд  0.02.
кворум 13 0.00.
ранжирование  0.00.
суммаризация  1.08.
векторная_бд  0.18.
текстовая_бд  0.01.
кворум 21 0.01.
ранжирование  0.00.
суммаризация  1.13.
векторная_бд  0.19.
текстовая_бд  0.01.
кворум 48 0.01.
ранжирование  0.00.
суммаризация  1.29.
векторная_бд  0.17.
текстовая_бд  0.01.
кворум 22 0.01.
ранжирование  0.00.
суммаризация  2.99.
векторная_бд  0.18.
текстовая_бд  0.02.
кворум 50 0.01.
ранжирование  0.01.
суммаризация  3.16.
векторная_бд  0.18.
текстовая_бд  0.01.
кворум 48 0.01.
ранжирование  0.00.
суммаризация  3.19.
векторная_бд  0.17.
текстовая_бд  0.02.
кворум 8 0.01.
ранжирование  0.00.
суммаризация  2.86.
векторная_бд  0.17.
текстовая_бд  0.02.
кворум 24 0.01.
ранжирование  0.00.
суммаризация  3.01.
векторная_бд  0.18.
текстовая_бд  0.01.
кворум 8 0.01.
ранжирование  0.00.
суммаризация  1.93.
векторная_бд  0.17.
текстовая_бд  0.02.
кворум 14 0.01.
ранжирование  0.00.
суммаризация  3.09.
векторная_бд  0.18.
текстовая_бд  0.01.
кворум 18 0.01.
ранжирование  0.00.
суммаризация  0.88.
векторная_бд  0.17.
текстовая_бд  0.02.
кворум 13 0.01.
ранжирование  0.00.
суммаризация  3.41.
векторная_бд  0.18.
текстовая_бд  0.01.
кворум 15 0.01.
ранжирование  0.00.
суммаризация  0.95.
векторная_бд  0.18.
текстовая_бд  0.02.
кворум 34 0.01.
ранжирование  0.00.
суммаризация  0.74.
векторная_бд  0.18.
текстовая_бд  0.01.
кворум 33 0.01.
ранжирование  0.00.
суммаризация  2.82.
векторная_бд  0.19.
текстовая_бд  0.02.
кворум 48 0.02.
ранжирование  0.00.
суммаризация  2.93.
векторная_бд  0.18.
текстовая_бд  0.00.
кворум 16 0.01.
ранжирование  0.00.
суммаризация  0.69.
векторная_бд  0.19.
текстовая_бд  0.02.
кворум 29 0.01.
ранжирование  0.00.
суммаризация  1.90.
векторная_бд  0.18.
текстовая_бд  0.02.
кворум 21 0.01.
ранжирование  0.00.
суммаризация  2.08.
векторная_бд  0.20.
текстовая_бд  0.02.
кворум 25 0.01.
ранжирование  0.00.
суммаризация  3.81.
векторная_бд  0.28.
текстовая_бд  0.02.
кворум 28 0.01.
ранжирование  0.00.
суммаризация  0.90.
векторная_бд  0.22.
текстовая_бд  0.01.
кворум 13 0.01.
ранжирование  0.00.
суммаризация  2.99.
векторная_бд  0.18.
текстовая_бд  0.02.
кворум 43 0.01.
ранжирование  0.00.
суммаризация  3.35.
векторная_бд  0.18.
текстовая_бд  0.02.
кворум 29 0.01.
ранжирование  0.00.
суммаризация  0.38.
