ranker: BM25, kDocuments: 400
Strong condition metrics.  in_top_5: 0.07692307692307693 in_top_15: 0.1794871794871795 in_top_30: 0.2564102564102564 inv_5: 0.13208631400243007
Light condition metrics.  in_top_5: 0.07692307692307693 in_top_15: 0.1794871794871795 in_top_30: 0.2564102564102564 inv_5: 0.13208631400243007

векторная_бд  0.18.
текстовая_бд  0.07.
кворум 262 0.07.
ранжирование  0.02.
суммаризация  3.00.
векторная_бд  0.17.
текстовая_бд  0.02.
кворум 182 0.06.
ранжирование  0.01.
суммаризация  0.76.
векторная_бд  0.17.
текстовая_бд  0.07.
кворум 86 0.05.
ранжирование  0.01.
суммаризация  0.99.
векторная_бд  0.17.
текстовая_бд  0.06.
кворум 56 0.02.
ранжирование  0.00.
суммаризация  2.80.
векторная_бд  0.17.
текстовая_бд  0.04.
кворум 207 0.04.
ранжирование  0.01.
суммаризация  0.39.
векторная_бд  0.17.
текстовая_бд  0.07.
кворум 394 0.04.
ранжирование  0.06.
суммаризация  2.84.
векторная_бд  0.18.
текстовая_бд  0.07.
кворум 188 0.06.
ранжирование  0.01.
суммаризация  1.28.
векторная_бд  0.16.
текстовая_бд  0.08.
кворум 266 0.05.
ранжирование  0.03.
суммаризация  2.19.
векторная_бд  0.16.
текстовая_бд  0.07.
кворум 201 0.04.
ранжирование  0.01.
суммаризация  2.70.
векторная_бд  0.17.
текстовая_бд  0.07.
кворум 272 0.08.
ранжирование  0.02.
суммаризация  2.56.
векторная_бд  0.16.
текстовая_бд  0.06.
кворум 11 0.02.
ранжирование  0.00.
суммаризация  0.93.
векторная_бд  0.18.
текстовая_бд  0.03.
кворум 249 0.07.
ранжирование  0.00.
суммаризация  0.81.
векторная_бд  0.16.
текстовая_бд  0.05.
кворум 153 0.05.
ранжирование  0.01.
суммаризация  1.12.
векторная_бд  0.16.
текстовая_бд  0.06.
кворум 102 0.04.
ранжирование  0.01.
суммаризация  1.61.
векторная_бд  0.17.
текстовая_бд  0.05.
кворум 188 0.05.
ранжирование  0.02.
суммаризация  2.77.
векторная_бд  0.17.
текстовая_бд  0.04.
кворум 32 0.03.
ранжирование  0.00.
суммаризация  1.13.
векторная_бд  0.18.
текстовая_бд  0.06.
кворум 261 0.04.
ранжирование  0.02.
суммаризация  2.45.
векторная_бд  0.16.
текстовая_бд  0.05.
кворум 79 0.03.
ранжирование  0.00.
суммаризация  1.61.
векторная_бд  0.17.
текстовая_бд  0.04.
кворум 272 0.03.
ранжирование  0.01.
суммаризация  0.75.
векторная_бд  0.16.
текстовая_бд  0.03.
кворум 69 0.03.
ранжирование  0.00.
суммаризация  0.37.
векторная_бд  0.17.
текстовая_бд  0.05.
кворум 81 0.05.
ранжирование  0.01.
суммаризация  1.43.
векторная_бд  0.17.
текстовая_бд  0.05.
кворум 359 0.06.
ранжирование  0.02.
суммаризация  1.31.
векторная_бд  0.16.
текстовая_бд  0.05.
кворум 120 0.06.
ранжирование  0.01.
суммаризация  0.75.
векторная_бд  0.16.
текстовая_бд  0.06.
кворум 243 0.03.
ранжирование  0.02.
суммаризация  2.43.
векторная_бд  0.17.
текстовая_бд  0.06.
кворум 329 0.05.
ранжирование  0.02.
суммаризация  1.71.
векторная_бд  0.17.
текстовая_бд  0.03.
кворум 309 0.03.
ранжирование  0.00.
суммаризация  0.29.
векторная_бд  0.17.
текстовая_бд  0.06.
кворум 324 0.06.
ранжирование  0.01.
суммаризация  2.11.
векторная_бд  0.18.
текстовая_бд  0.05.
кворум 131 0.05.
ранжирование  0.01.
суммаризация  1.82.
векторная_бд  0.18.
текстовая_бд  0.04.
кворум 363 0.03.
ранжирование  0.01.
суммаризация  1.04.
векторная_бд  0.17.
текстовая_бд  0.07.
кворум 144 0.07.
ранжирование  0.01.
суммаризация  1.41.
векторная_бд  0.18.
текстовая_бд  0.05.
кворум 305 0.08.
ранжирование  0.02.
суммаризация  1.18.
векторная_бд  0.16.
текстовая_бд  0.05.
кворум 28 0.04.
ранжирование  0.00.
суммаризация  0.82.
векторная_бд  0.16.
текстовая_бд  0.08.
кворум 245 0.05.
ранжирование  0.02.
суммаризация  2.46.
векторная_бд  0.16.
текстовая_бд  0.05.
кворум 265 0.04.
ранжирование  0.01.
суммаризация  1.00.
векторная_бд  0.16.
текстовая_бд  0.05.
кворум 324 0.05.
ранжирование  0.02.
суммаризация  1.80.
векторная_бд  0.17.
текстовая_бд  0.05.
кворум 125 0.07.
ранжирование  0.01.
суммаризация  1.91.
векторная_бд  0.16.
текстовая_бд  0.03.
кворум 91 0.05.
ранжирование  0.01.
суммаризация  2.34.
векторная_бд  0.17.
текстовая_бд  0.05.
кворум 302 0.06.
ранжирование  0.01.
суммаризация  0.95.
векторная_бд  0.18.
текстовая_бд  0.07.
кворум 198 0.08.
ранжирование  0.02.
суммаризация  2.39.
векторная_бд  0.16.
текстовая_бд  0.09.
кворум 219 0.04.
ранжирование  0.02.
суммаризация  2.78.
векторная_бд  0.16.
текстовая_бд  0.10.
кворум 390 0.07.
ранжирование  0.04.
суммаризация  2.88.
векторная_бд  0.17.
текстовая_бд  0.07.
кворум 239 0.08.
ранжирование  0.02.
суммаризация  2.97.
векторная_бд  0.16.
текстовая_бд  0.08.
кворум 68 0.05.
ранжирование  0.01.
суммаризация  2.86.
векторная_бд  0.20.
текстовая_бд  0.08.
кворум 41 0.07.
ранжирование  0.00.
суммаризация  3.11.
векторная_бд  0.16.
текстовая_бд  0.05.
кворум 79 0.04.
ранжирование  0.01.
суммаризация  0.95.
векторная_бд  0.18.
текстовая_бд  0.08.
кворум 217 0.12.
ранжирование  0.03.
суммаризация  2.97.
векторная_бд  0.20.
текстовая_бд  0.06.
кворум 86 0.12.
ранжирование  0.01.
суммаризация  2.13.
векторная_бд  0.19.
текстовая_бд  0.08.
кворум 180 0.06.
ранжирование  0.02.
суммаризация  2.10.
векторная_бд  0.17.
текстовая_бд  0.07.
кворум 118 0.04.
ранжирование  0.01.
суммаризация  3.51.
векторная_бд  0.18.
текстовая_бд  0.10.
кворум 322 0.06.
ранжирование  0.03.
суммаризация  3.14.
векторная_бд  0.18.
текстовая_бд  0.09.
кворум 143 0.07.
ранжирование  0.02.
суммаризация  1.47.
векторная_бд  0.18.
текстовая_бд  0.07.
кворум 266 0.08.
ранжирование  0.03.
суммаризация  3.32.
векторная_бд  0.18.
текстовая_бд  0.05.
кворум 226 0.04.
ранжирование  0.01.
суммаризация  1.28.
векторная_бд  0.18.
текстовая_бд  0.06.
кворум 366 0.07.
ранжирование  0.02.
суммаризация  1.07.
векторная_бд  0.17.
текстовая_бд  0.07.
кворум 92 0.03.
ранжирование  0.01.
суммаризация  1.16.
векторная_бд  0.18.
текстовая_бд  0.06.
кворум 114 0.05.
ранжирование  0.01.
суммаризация  0.93.
векторная_бд  0.19.
текстовая_бд  0.06.
кворум 362 0.08.
ранжирование  0.02.
суммаризация  1.15.
векторная_бд  0.17.
текстовая_бд  0.08.
кворум 144 0.07.
ранжирование  0.03.
суммаризация  2.96.
векторная_бд  0.18.
текстовая_бд  0.11.
кворум 373 0.09.
ранжирование  0.06.
суммаризация  3.11.
векторная_бд  0.17.
текстовая_бд  0.10.
кворум 373 0.05.
ранжирование  0.07.
суммаризация  2.70.
векторная_бд  0.17.
текстовая_бд  0.07.
кворум 42 0.05.
ранжирование  0.00.
суммаризация  3.55.
векторная_бд  0.17.
текстовая_бд  0.06.
кворум 123 0.05.
ранжирование  0.01.
суммаризация  3.01.
векторная_бд  0.18.
текстовая_бд  0.06.
кворум 53 0.07.
ранжирование  0.00.
суммаризация  1.17.
векторная_бд  0.16.
текстовая_бд  0.09.
кворум 117 0.04.
ранжирование  0.01.
суммаризация  3.17.
векторная_бд  0.19.
текстовая_бд  0.06.
кворум 147 0.08.
ранжирование  0.01.
суммаризация  2.67.
векторная_бд  0.16.
текстовая_бд  0.08.
кворум 100 0.04.
ранжирование  0.01.
суммаризация  1.40.
векторная_бд  0.18.
текстовая_бд  0.03.
кворум 100 0.03.
ранжирование  0.00.
суммаризация  0.78.
векторная_бд  0.18.
текстовая_бд  0.07.
кворум 259 0.10.
ранжирование  0.02.
суммаризация  0.96.
векторная_бд  0.20.
текстовая_бд  0.05.
кворум 140 0.06.
ранжирование  0.01.
суммаризация  3.17.
векторная_бд  0.19.
текстовая_бд  0.06.
кворум 328 0.11.
ранжирование  0.02.
суммаризация  3.39.
векторная_бд  0.21.
текстовая_бд  0.06.
кворум 160 0.08.
ранжирование  0.02.
суммаризация  0.79.
векторная_бд  0.21.
текстовая_бд  0.06.
кворум 177 0.13.
ранжирование  0.01.
суммаризация  1.10.
векторная_бд  0.19.
текстовая_бд  0.07.
кворум 169 0.08.
ранжирование  0.01.
суммаризация  1.95.
векторная_бд  0.17.
текстовая_бд  0.08.
кворум 187 0.04.
ранжирование  0.01.
суммаризация  3.46.
векторная_бд  0.16.
текстовая_бд  0.08.
кворум 152 0.05.
ранжирование  0.01.
суммаризация  3.06.
векторная_бд  0.19.
текстовая_бд  0.06.
кворум 54 0.05.
ранжирование  0.01.
суммаризация  3.07.
векторная_бд  0.17.
текстовая_бд  0.08.
кворум 293 0.06.
ранжирование  0.03.
суммаризация  3.16.
векторная_бд  0.17.
текстовая_бд  0.05.
кворум 142 0.04.
ранжирование  0.01.
суммаризация  0.70.
